<?xml version="1.0" encoding="UTF-8"?>
<!-- Generated by org.testng.reporters.JUnitXMLReporter -->
<testsuite ignored="0" hostname="Thanusiyans-MacBook-Pro.local" failures="0" tests="2" name="Surefire test" time="23.022" errors="0" timestamp="2025-01-01T20:14:26 IST">
  <testcase classname="io.cucumber.testng.AbstractTestNGCucumberTests" name="runScenario" time="8.302"/>
  <testcase classname="io.cucumber.testng.AbstractTestNGCucumberTests" name="runScenario" time="10.995"/>
</testsuite> <!-- Surefire test -->
