<?xml version="1.0" encoding="UTF-8"?>
<testsuite xmlns:xsi="http://www.w3.org/2001/XMLSchema-instance" xsi:noNamespaceSchemaLocation="https://maven.apache.org/surefire/maven-surefire-plugin/xsd/surefire-test-report-3.0.xsd" version="3.0" name="org.itqa.runners.TestRunner" time="14.075" tests="2" errors="0" skipped="0" failures="0">
  <properties>
[...]
</properties>
  <testcase name="runScenario[&quot;Verify search functionality on the homepage&quot;, &quot;Website Search Verification&quot;](1)" classname="org.itqa.runners.TestRunner" time="8.715">
    <system-out><![CDATA[
Scenario: Verify search functionality on the homepage # src/test/resources/features/checkSearch.feature:3
  Given I am on the homepage of UOM website           # org.itqa.steps.searchSteps.i_am_on_the_homepage()
  When I check the search icon                        # org.itqa.steps.searchSteps.i_check_the_search_icon()
  Then I search for a keyword                         # org.itqa.steps.searchSteps.i_search_for_a_keyword()
]]></system-out>
    <system-err><![CDATA[SLF4J: Failed to load class "org.slf4j.impl.StaticLoggerBinder".
SLF4J: Defaulting to no-operation (NOP) logger implementation
SLF4J: See http://www.slf4j.org/codes.html#StaticLoggerBinder for further details.
Jan 01, 2025 6:49:03 PM org.openqa.selenium.remote.service.DriverService$Builder getLogOutput
INFO: Driver logs no longer sent to console by default; https://www.selenium.dev/documentation/webdriver/drivers/service/#setting-log-output
Jan 01, 2025 6:49:06 PM org.openqa.selenium.devtools.CdpVersionFinder findNearestMatch
WARNING: Unable to find CDP implementation matching 131
Jan 01, 2025 6:49:06 PM org.openqa.selenium.chromium.ChromiumDriver lambda$new$4
WARNING: Unable to find version of CDP to use for . You may need to include a dependency on a specific version of the CDP using something similar to `org.seleniumhq.selenium:selenium-devtools-v86:4.10.0` where the version ("v86") matches the version of the chromium-based browser you're using and the version number of the artifact is the same as Selenium's.
]]></system-err>
  </testcase>
  <testcase name="runScenario[&quot;Verify navigation links&quot;, &quot;Website Navigation Testing&quot;](2)" classname="org.itqa.runners.TestRunner" time="1.3">
    <system-out><![CDATA[
Scenario: Verify navigation links                                 # src/test/resources/features/navigation.feature:3
  Given I am on the homepage                                      # org.itqa.steps.navigationSteps.i_am_on_the_homepage()
  When I click on all the navigation links                        # org.itqa.steps.navigationSteps.i_click_on_all_the_navigation_links()
  Then I should navigate to the correct page with matching titles # org.itqa.steps.navigationSteps.i_should_navigate_to_the_correct_page_with_matching_titles()
]]></system-out>
  </testcase>
</testsuite>