<?xml version="1.0" encoding="UTF-8"?>
<testng-results ignored="0" total="2" passed="2" failed="0" skipped="0">
  <reporter-output>
  </reporter-output>
  <suite started-at="2025-01-01T20:14:03 IST" name="Surefire suite" finished-at="2025-01-01T20:14:26 IST" duration-ms="23022">
    <groups>
      <group name="cucumber">
        <method signature="AbstractTestNGCucumberTests.runScenario(io.cucumber.testng.PickleWrapper,io.cucumber.testng.FeatureWrapper)[pri:0, instance:org.itqa.runners.TestRunner@3e27aa33]" name="runScenario" class="io.cucumber.testng.AbstractTestNGCucumberTests"/>
      </group> <!-- cucumber -->
    </groups>
    <test started-at="2025-01-01T20:14:03 IST" name="Surefire test" finished-at="2025-01-01T20:14:26 IST" duration-ms="23022">
      <class name="org.itqa.runners.TestRunner">
        <test-method is-config="true" signature="setUpClass(org.testng.ITestContext)[pri:0, instance:org.itqa.runners.TestRunner@3e27aa33]" started-at="2025-01-01T20:14:03 IST" name="setUpClass" finished-at="2025-01-01T20:14:03 IST" duration-ms="71" status="PASS">
          <params>
            <param index="0">
              <value>
                <![CDATA[org.testng.TestRunner@3fd05b3e]]>
              </value>
            </param>
          </params>
          <reporter-output>
          </reporter-output>
        </test-method> <!-- setUpClass -->
        <test-method is-config="true" signature="setUp()[pri:0, instance:org.itqa.runners.TestRunner@3e27aa33]" started-at="2025-01-01T20:14:03 IST" name="setUp" finished-at="2025-01-01T20:14:06 IST" duration-ms="3607" status="PASS">
          <reporter-output>
          </reporter-output>
        </test-method> <!-- setUp -->
        <test-method signature="runScenario(io.cucumber.testng.PickleWrapper,io.cucumber.testng.FeatureWrapper)[pri:0, instance:org.itqa.runners.TestRunner@3e27aa33]" started-at="2025-01-01T20:14:06 IST" name="runScenario" description="Runs Cucumber Scenarios" data-provider="scenarios" finished-at="2025-01-01T20:14:15 IST" duration-ms="8302" status="PASS">
          <params>
            <param index="0">
              <value>
                <![CDATA["Verify search functionality on the homepage"]]>
              </value>
            </param>
            <param index="1">
              <value>
                <![CDATA["Website Search Verification"]]>
              </value>
            </param>
          </params>
          <reporter-output>
          </reporter-output>
        </test-method> <!-- runScenario -->
        <test-method signature="runScenario(io.cucumber.testng.PickleWrapper,io.cucumber.testng.FeatureWrapper)[pri:0, instance:org.itqa.runners.TestRunner@3e27aa33]" started-at="2025-01-01T20:14:15 IST" name="runScenario" description="Runs Cucumber Scenarios" data-provider="scenarios" finished-at="2025-01-01T20:14:26 IST" duration-ms="10995" status="PASS">
          <params>
            <param index="0">
              <value>
                <![CDATA["Verify navigation links"]]>
              </value>
            </param>
            <param index="1">
              <value>
                <![CDATA["Website Navigation Testing"]]>
              </value>
            </param>
          </params>
          <reporter-output>
          </reporter-output>
        </test-method> <!-- runScenario -->
        <test-method is-config="true" signature="tearDownClass()[pri:0, instance:org.itqa.runners.TestRunner@3e27aa33]" started-at="2025-01-01T20:14:26 IST" name="tearDownClass" finished-at="2025-01-01T20:14:26 IST" duration-ms="9" status="PASS">
          <reporter-output>
          </reporter-output>
        </test-method> <!-- tearDownClass -->
      </class> <!-- org.itqa.runners.TestRunner -->
    </test> <!-- Surefire test -->
  </suite> <!-- Surefire suite -->
</testng-results>
